client/src/components/admin/table-management.tsx:255:32 - error TS2345: Argument of type '{ notes: string; id: string; position: { x: number; y: number; }; status: "available"; number: number; capacity: number; location: "main_floor"; shape: "round"; createdAt: Date; updatedAt: Date; }' is not assignable to parameter of type 'Omit<RestaurantTable, "id" | "createdAt" | "updatedAt">'.
  Property 'isVip' is missing in type '{ notes: string; id: string; position: { x: number; y: number; }; status: "available"; number: number; capacity: number; location: "main_floor"; shape: "round"; createdAt: Date; updatedAt: Date; }' but required in type 'Omit<RestaurantTable, "id" | "createdAt" | "updatedAt">'.

255     createTableMutation.mutate({
                                   ~
256       ...newTable,
    ~~~~~~~~~~~~~~~~~~
257       notes: newTable.notes || ''
    ~~~~~~~~~~~~~~~~~~~~~~~~~~~~~~~~~
258     });
    ~~~~~

  client/src/components/admin/table-management.tsx:77:3
    77   isVip: boolean;
         ~~~~~
    'isVip' is declared here.

client/src/components/admin/user-profile-enhanced-optimized.tsx:210:34 - error TS2345: Argument of type 'unknown' is not assignable to parameter of type 'string'.

210       const message = JSON.parse(lastMessage.data);
                                     ~~~~~~~~~~~~~~~~

client/src/components/admin/user-profile-enhanced-optimized.tsx:356:75 - error TS2307: Cannot find module '../../../shared/types' or its corresponding type declarations.

356     mutationFn: async (data: { addressId: number; updates: Partial<import('../../../shared/types').Address> }) => {
                                                                              ~~~~~~~~~~~~~~~~~~~~~~~

client/src/components/admin/user-profile-enhanced-optimized.tsx:483:7 - error TS2448: Block-scoped variable 'paginatedUsers' used before its declaration.

483   }, [paginatedUsers, selectedUsers.length]);
          ~~~~~~~~~~~~~~

  client/src/components/admin/user-profile-enhanced-optimized.tsx:530:9
    530   const paginatedUsers = sortedUsers.slice(
                ~~~~~~~~~~~~~~
    'paginatedUsers' is declared here.

client/src/components/admin/user-profile-enhanced-optimized.tsx:483:7 - error TS2454: Variable 'paginatedUsers' is used before being assigned.

483   }, [paginatedUsers, selectedUsers.length]);
          ~~~~~~~~~~~~~~

client/src/components/admin/user-profile-enhanced-optimized.tsx:487:5 - error TS2353: Object literal may only specify known properties, and 'content' does not exist in type 'UseReactToPrintOptions'.

487     content: () => printRef.current,
        ~~~~~~~

client/src/components/admin/user-profile-enhanced-optimized.tsx:598:7 - error TS2375: Type '{ email: string; firstName: string; lastName: string; birthDate: string; preferences: { emailNotifications: boolean; smsNotifications: boolean; promotionalEmails: boolean; dietaryRestrictions: string[]; allergens: string[]; language: string; currency: string; favoriteTable?: number | undefined; }; address?: string |...' is not assignable to type 'Partial<UserProfile>' with 'exactOptionalPropertyTypes: true'. Consider adding 'undefined' to the types of the target's properties.
  Types of property 'phone' are incompatible.
    Type 'string | undefined' is not assignable to type 'string'.
      Type 'undefined' is not assignable to type 'string'.

598       updates: {
          ~~~~~~~

  client/src/components/admin/user-profile-enhanced-optimized.tsx:308:44
    308     mutationFn: async (data: { id: number; updates: Partial<UserProfile> }) => {
                                                   ~~~~~~~
    The expected type comes from property 'updates' which is declared here on type '{ id: number; updates: Partial<UserProfile>; }'

client/src/components/admin/user-profile-enhanced-optimized.tsx:1729:9 - error TS2322: Type '{ open: boolean; onOpenChange: (open: boolean) => false | void; title: string; message: string; confirmText: string; onConfirm: () => void; loading: boolean; }' is not assignable to type 'IntrinsicAttributes & ConfirmationDialogProps'.
  Property 'message' does not exist on type 'IntrinsicAttributes & ConfirmationDialogProps'.

1729         message="Êtes-vous sûr de vouloir supprimer cette adresse ? Cette action est irréversible."
             ~~~~~~~

client/src/components/admin/work-schedule.tsx:94:38 - error TS2345: Argument of type 'UserRole | null' is not assignable to parameter of type 'string | undefined'.
  Type 'null' is not assignable to type 'string | undefined'.

94   const currentRole = mappedUserRole(userRole);
                                        ~~~~~~~~

client/src/components/admin/work-schedule.tsx:110:15 - error TS2322: Type 'import("/home/runner/workspace/client/src/components/admin/work-schedule").ViewMode' is not assignable to type 'import("/home/runner/workspace/client/src/components/admin/work-schedule/types/schedule.types").ViewMode'.
  Type '"overview"' is not assignable to type 'ViewMode'.

110               viewMode={viewMode as ViewMode} // Utilisation du type ViewMode ici
                  ~~~~~~~~

  client/src/components/admin/work-schedule/types/schedule.types.ts:298:3
    298   viewMode?: ViewMode;
          ~~~~~~~~
    The expected type comes from property 'viewMode' which is declared here on type 'IntrinsicAttributes & WorkScheduleProps'

client/src/components/admin/work-schedule/components/CalendarView.tsx:193:58 - error TS2345: Argument of type '() => string | undefined' is not assignable to parameter of type 'string | (() => string)'.
  Type '() => string | undefined' is not assignable to type '() => string'.
    Type 'string | undefined' is not assignable to type 'string'.
      Type 'undefined' is not assignable to type 'string'.

193   const [currentDate, setCurrentDate] = useState<string>(() =>
                                                             ~~~~~
194     initialDate || new Date().toISOString().split('T')[0]
    ~~~~~~~~~~~~~~~~~~~~~~~~~~~~~~~~~~~~~~~~~~~~~~~~~~~~~~~~~

client/src/components/admin/work-schedule/components/CalendarView.tsx:294:45 - error TS2345: Argument of type '() => string | undefined' is not assignable to parameter of type 'SetStateAction<string>'.
  Type '() => string | undefined' is not assignable to type '(prevState: string) => string'.
    Type 'string | undefined' is not assignable to type 'string'.
      Type 'undefined' is not assignable to type 'string'.

294               onClick={() => setCurrentDate(() => new Date().toISOString().split('T')[0])}
                                                ~~~~~~~~~~~~~~~~~~~~~~~~~~~~~~~~~~~~~~~~~~~~