
client/src/hooks/use-toast.ts:173:33 - error TS2304: Cannot find name 'toast'.

173   success: (message: string) => toast({ title: "SuccÃ¨s", description: message }),
                                    ~~~~~

client/src/hooks/use-toast.ts:174:31 - error TS2304: Cannot find name 'toast'.

174   error: (message: string) => toast({ title: "Erreur", description: message, variant: "destructive" }),
                                  ~~~~~

client/src/hooks/use-toast.ts:175:30 - error TS2304: Cannot find name 'toast'.

175   info: (message: string) => toast({ title: "Information", description: message }),
                                 ~~~~~

client/src/hooks/use-toast.ts:176:33 - error TS2304: Cannot find name 'toast'.

176   warning: (message: string) => toast({ title: "Attention", description: message, variant: "destructive" })
                                    ~~~~~

client/src/hooks/use-user.tsx:2:15 - error TS2724: '"@shared/schema"' has no exported member named 'User'. Did you mean 'users'?

2 import type { User } from "@shared/schema";
                ~~~~

  shared/schema.ts:19:14
    19 export const users = pgTable('users', {
                    ~~~~~
    'users' is declared here.

client/src/hooks/usePermissions.ts:124:7 - error TS2412: Type 'string | undefined' is not assignable to type 'number | undefined' with 'exactOptionalPropertyTypes: true'. Consider adding 'undefined' to the type of the target.

124       userId: user?.id
          ~~~~~~

  client/src/hooks/usePermissions.ts:22:3
    22   userId?: number;
         ~~~~~~
    The expected type comes from property 'userId' which is declared here on type 'PermissionsCache'

client/src/hooks/usePermissions.ts:157:9 - error TS2769: No overload matches this call.
  Overload 1 of 2, '(input: string | URL | Request, init?: RequestInit | undefined): Promise<Response>', gave the following error.
    Object literal may only specify known properties, and 'timeout' does not exist in type 'RequestInit'.
  Overload 2 of 2, '(input: URL | RequestInfo, init?: RequestInit | undefined): Promise<Response>', gave the following error.
    Object literal may only specify known properties, and 'timeout' does not exist in type 'RequestInit'.

157         timeout: 10000 // 10 secondes
            ~~~~~~~


client/src/hooks/usePermissionsSync.ts:69:38 - error TS2774: This condition will always return true since this function is always defined. Did you mean to call it instead?

69     if (!isAuthenticated || !user || isAdmin) return;
                                        ~~~~~~~

client/src/hooks/usePermissionsSync.ts:84:38 - error TS2774: This condition will always return true since this function is always defined. Did you mean to call it instead?

84     if (!isAuthenticated || !user || isAdmin) return;
                                        ~~~~~~~

client/src/hooks/useQRCode.ts:2:25 - error TS2307: Cannot find module 'qrcode' or its corresponding type declarations.

2 import * as QRCode from 'qrcode';
                          ~~~~~~~~

client/src/hooks/useReservations.ts:192:34 - error TS2345: Argument of type 'string | undefined' is not assignable to parameter of type 'string'.
  Type 'undefined' is not assignable to type 'string'.

192     return getReservationsByDate(today);
                                     ~~~~~

client/src/hooks/useReservations.ts:197:67 - error TS18048: 'today' is possibly 'undefined'.

197     return reservations.filter(reservation => reservation.date >= today);
                                                                      ~~~~~

client/src/hooks/useUser.ts:201:15 - error TS2345: Argument of type 'User' is not assignable to parameter of type 'SetStateAction<User | null>'.
  Property 'username' is missing in type 'import("/home/runner/workspace/client/src/hooks/useAuth").User' but required in type 'User'.

201       setUser(contextUser);
                  ~~~~~~~~~~~

  client/src/hooks/useUser.ts:7:3
    7   username: string;
        ~~~~~~~~
    'username' is declared here.

client/src/hooks/useUser.ts:206:5 - error TS2322: Type 'User | User | null' is not assignable to type 'User | null'.
  Property 'username' is missing in type 'import("/home/runner/workspace/client/src/hooks/useAuth").User' but required in type 'User'.

206     user: user || contextUser,
        ~~~~

  client/src/hooks/useUser.ts:7:3
    7   username: string;
        ~~~~~~~~
    'username' is declared here.
  client/src/hooks/useUser.ts:22:3
    22   user: User | null;
         ~~~~
    The expected type comes from property 'user' which is declared here on type 'UseUserReturn'
